<?xml version="1.0" encoding="UTF-8"?>
<testsuite name="au.edu.sydney.brawndo.erp.todo.ToDoFactoryTest" tests="2" skipped="0" failures="0" errors="0" timestamp="2023-03-23T12:08:02" hostname="DESKTOP-V593GE4" time="0.014">
  <properties/>
  <testcase name="makeToDoListTest2()" classname="au.edu.sydney.brawndo.erp.todo.ToDoFactoryTest" time="0.001"/>
  <testcase name="makeToDoListTest()" classname="au.edu.sydney.brawndo.erp.todo.ToDoFactoryTest" time="0.013"/>
  <system-out><![CDATA[]]></system-out>
  <system-err><![CDATA[]]></system-err>
</testsuite>
