<?xml version="1.0" encoding="UTF-8"?>
<testsuite name="au.edu.sydney.brawndo.erp.todo.TaskImplTest" tests="15" skipped="0" failures="0" errors="0" timestamp="2023-03-23T12:08:02" hostname="DESKTOP-V593GE4" time="0.015">
  <properties/>
  <testcase name="getDateTimeTest()" classname="au.edu.sydney.brawndo.erp.todo.TaskImplTest" time="0.001"/>
  <testcase name="setLocationTest()" classname="au.edu.sydney.brawndo.erp.todo.TaskImplTest" time="0.001"/>
  <testcase name="isCompleteTest()" classname="au.edu.sydney.brawndo.erp.todo.TaskImplTest" time="0.001"/>
  <testcase name="setDateTest()" classname="au.edu.sydney.brawndo.erp.todo.TaskImplTest" time="0.0"/>
  <testcase name="completeTest()" classname="au.edu.sydney.brawndo.erp.todo.TaskImplTest" time="0.001"/>
  <testcase name="setLocationExceedLimit()" classname="au.edu.sydney.brawndo.erp.todo.TaskImplTest" time="0.001"/>
  <testcase name="getFieldLocationTest()" classname="au.edu.sydney.brawndo.erp.todo.TaskImplTest" time="0.002"/>
  <testcase name="setDateCorrect()" classname="au.edu.sydney.brawndo.erp.todo.TaskImplTest" time="0.001"/>
  <testcase name="getFieldDescriptionTest()" classname="au.edu.sydney.brawndo.erp.todo.TaskImplTest" time="0.0"/>
  <testcase name="getIdTest()" classname="au.edu.sydney.brawndo.erp.todo.TaskImplTest" time="0.0"/>
  <testcase name="getDescriptionTest()" classname="au.edu.sydney.brawndo.erp.todo.TaskImplTest" time="0.001"/>
  <testcase name="getFieldTest()" classname="au.edu.sydney.brawndo.erp.todo.TaskImplTest" time="0.001"/>
  <testcase name="setLocationCorrect()" classname="au.edu.sydney.brawndo.erp.todo.TaskImplTest" time="0.0"/>
  <testcase name="setDescriptionTest()" classname="au.edu.sydney.brawndo.erp.todo.TaskImplTest" time="0.001"/>
  <testcase name="getLocationTest()" classname="au.edu.sydney.brawndo.erp.todo.TaskImplTest" time="0.001"/>
  <system-out><![CDATA[]]></system-out>
  <system-err><![CDATA[]]></system-err>
</testsuite>
